<?xml version="1.0" encoding="UTF-8"?>
<!-- Generated by org.testng.reporters.JUnitXMLReporter -->
<testsuite hostname="DESKTOP-S0T7VIK" name="Test1" tests="9" failures="1" timestamp="3 May 2021 06:14:49 GMT" time="306.295" errors="0">
  <testcase name="login1" time="10.49" classname="mavenFirstproject1.Logintest2"/>
  <testcase name="verifyTable32bit" time="4.495" classname="mavenFirstproject1.Testdashboard"/>
  <testcase name="verifyTable32bit1" time="0.376" classname="mavenFirstproject1.Testdashboard"/>
  <testcase name="verifyTable64bit" time="7.326" classname="mavenFirstproject1.Testdashboard"/>
  <testcase name="verifyTableOfficial" time="159.201" classname="mavenFirstproject1.Testdashboard">
    <failure type="org.openqa.selenium.WebDriverException" message="Remote browser did not respond to getCurrentUrl
Build info: version: &amp;apos;3.141.59&amp;apos;, revision: &amp;apos;e82be7d358&amp;apos;, time: &amp;apos;2018-11-14T08:17:03&amp;apos;
System info: host: &amp;apos;DESKTOP-S0T7VIK&amp;apos;, ip: &amp;apos;127.0.0.1&amp;apos;, os.name: &amp;apos;Windows 10&amp;apos;, os.arch: &amp;apos;amd64&amp;apos;, os.version: &amp;apos;10.0&amp;apos;, java.version: &amp;apos;1.8.0_144&amp;apos;
Driver info: driver.version: RemoteWebDriver">
      <![CDATA[org.openqa.selenium.WebDriverException: Remote browser did not respond to getCurrentUrl
Build info: version: '3.141.59', revision: 'e82be7d358', time: '2018-11-14T08:17:03'
System info: host: 'DESKTOP-S0T7VIK', ip: '127.0.0.1', os.name: 'Windows 10', os.arch: 'amd64', os.version: '10.0', java.version: '1.8.0_144'
Driver info: driver.version: RemoteWebDriver
	at org.openqa.selenium.remote.RemoteWebDriver.getCurrentUrl(RemoteWebDriver.java:289)
	at mavenFirstproject1.Testdashboard.verifyTableOfficial(Testdashboard.java:105)
... Removed 28 stack frames]]>
    </failure>
  </testcase> <!-- verifyTableOfficial -->
  <testcase name="verifyTableOfficial1" time="0.398" classname="mavenFirstproject1.Testdashboard"/>
  <testcase name="verifyTablecommon" time="2.706" classname="mavenFirstproject1.Testdashboard"/>
  <testcase name="TestTable" time="6.027" classname="mavenFirstproject1.Testdashboard"/>
  <testcase name="verifyFooter" time="1.7" classname="mavenFirstproject1.Testdashboard"/>
</testsuite> <!-- Test1 -->
